# JRE version: Java(TM) SE Runtime Environment (8.0_311-b11) (build 1.8.0_311-b11)
# Java VM: Java HotSpot(TM) 64-Bit Server VM (25.311-b11 mixed mode windows-amd64 compressed oops)
Heap:
 PSYoungGen      total 240640K, used 34717K [0x00000000db000000, 0x00000000ecc00000, 0x0000000100000000)
  eden space 233984K, 11% used [0x00000000db000000,0x00000000dcb6b1a0,0x00000000e9480000)
  from space 6656K, 99% used [0x00000000e9680000,0x00000000e9cfc518,0x00000000e9d00000)
  to   space 2048K, 0% used [0x00000000e9480000,0x00000000e9480000,0x00000000e9680000)
 ParOldGen       total 76800K, used 39380K [0x0000000091000000, 0x0000000095b00000, 0x00000000db000000)
  object space 76800K, 51% used [0x0000000091000000,0x0000000093675130,0x0000000095b00000)
 Metaspace       used 5772K, capacity 5910K, committed 6144K, reserved 1056768K
  class space    used 634K, capacity 689K, committed 768K, reserved 1048576K
GC Heap History (10 events):
Event: 5.337 GC heap before
{Heap before GC invocations=37 (full 0):
 PSYoungGen      total 236032K, used 230208K [0x00000000db000000, 0x00000000e9d00000, 0x0000000100000000)
  eden space 229376K, 100% used [0x00000000db000000,0x00000000e9000000,0x00000000e9000000)
  from space 6656K, 12% used [0x00000000e9680000,0x00000000e9750000,0x00000000e9d00000)
  to   space 6656K, 0% used [0x00000000e9000000,0x00000000e9000000,0x00000000e9680000)
 ParOldGen       total 76800K, used 25500K [0x0000000091000000, 0x0000000095b00000, 0x00000000db000000)
  object space 76800K, 33% used [0x0000000091000000,0x00000000928e7110,0x0000000095b00000)
 Metaspace       used 5769K, capacity 5910K, committed 6144K, reserved 1056768K
  class space    used 634K, capacity 689K, committed 768K, reserved 1048576K
Event: 5.339 GC heap after
Heap after GC invocations=37 (full 0):
 PSYoungGen      total 236032K, used 800K [0x00000000db000000, 0x00000000e9d00000, 0x0000000100000000)
  eden space 229376K, 0% used [0x00000000db000000,0x00000000db000000,0x00000000e9000000)
  from space 6656K, 12% used [0x00000000e9000000,0x00000000e90c8000,0x00000000e9680000)
  to   space 6656K, 0% used [0x00000000e9680000,0x00000000e9680000,0x00000000e9d00000)
 ParOldGen       total 76800K, used 26196K [0x0000000091000000, 0x0000000095b00000, 0x00000000db000000)
  object space 76800K, 34% used [0x0000000091000000,0x0000000092995110,0x0000000095b00000)
 Metaspace       used 5769K, capacity 5910K, committed 6144K, reserved 1056768K
  class space    used 634K, capacity 689K, committed 768K, reserved 1048576K
}
Event: 5.504 GC heap before
{Heap before GC invocations=38 (full 0):
 PSYoungGen      total 236032K, used 230176K [0x00000000db000000, 0x00000000e9d00000, 0x0000000100000000)
  eden space 229376K, 100% used [0x00000000db000000,0x00000000e9000000,0x00000000e9000000)
  from space 6656K, 12% used [0x00000000e9000000,0x00000000e90c8000,0x00000000e9680000)
  to   space 6656K, 0% used [0x00000000e9680000,0x00000000e9680000,0x00000000e9d00000)
 ParOldGen       total 76800K, used 26196K [0x0000000091000000, 0x0000000095b00000, 0x00000000db000000)
  object space 76800K, 34% used [0x0000000091000000,0x0000000092995110,0x0000000095b00000)
 Metaspace       used 5769K, capacity 5910K, committed 6144K, reserved 1056768K
  class space    used 634K, capacity 689K, committed 768K, reserved 1048576K
Event: 5.506 GC heap after
Heap after GC invocations=38 (full 0):
 PSYoungGen      total 236032K, used 736K [0x00000000db000000, 0x00000000e9d00000, 0x0000000100000000)
  eden space 229376K, 0% used [0x00000000db000000,0x00000000db000000,0x00000000e9000000)
  from space 6656K, 11% used [0x00000000e9680000,0x00000000e9738000,0x00000000e9d00000)
  to   space 6656K, 0% used [0x00000000e9000000,0x00000000e9000000,0x00000000e9680000)
 ParOldGen       total 76800K, used 26884K [0x0000000091000000, 0x0000000095b00000, 0x00000000db000000)
  object space 76800K, 35% used [0x0000000091000000,0x0000000092a41110,0x0000000095b00000)
 Metaspace       used 5769K, capacity 5910K, committed 6144K, reserved 1056768K
  class space    used 634K, capacity 689K, committed 768K, reserved 1048576K
}
Event: 5.635 GC heap before
{Heap before GC invocations=39 (full 0):
 PSYoungGen      total 236032K, used 230112K [0x00000000db000000, 0x00000000e9d00000, 0x0000000100000000)
  eden space 229376K, 100% used [0x00000000db000000,0x00000000e9000000,0x00000000e9000000)
  from space 6656K, 11% used [0x00000000e9680000,0x00000000e9738000,0x00000000e9d00000)
  to   space 6656K, 0% used [0x00000000e9000000,0x00000000e9000000,0x00000000e9680000)
 ParOldGen       total 76800K, used 26884K [0x0000000091000000, 0x0000000095b00000, 0x00000000db000000)
  object space 76800K, 35% used [0x0000000091000000,0x0000000092a41110,0x0000000095b00000)
 Metaspace       used 5769K, capacity 5910K, committed 6144K, reserved 1056768K
  class space    used 634K, capacity 689K, committed 768K, reserved 1048576K
Event: 5.637 GC heap after
Heap after GC invocations=39 (full 0):
 PSYoungGen      total 236032K, used 800K [0x00000000db000000, 0x00000000e9d00000, 0x0000000100000000)
  eden space 229376K, 0% used [0x00000000db000000,0x00000000db000000,0x00000000e9000000)
  from space 6656K, 12% used [0x00000000e9000000,0x00000000e90c8000,0x00000000e9680000)
  to   space 6656K, 0% used [0x00000000e9680000,0x00000000e9680000,0x00000000e9d00000)
 ParOldGen       total 76800K, used 27572K [0x0000000091000000, 0x0000000095b00000, 0x00000000db000000)
  object space 76800K, 35% used [0x0000000091000000,0x0000000092aed110,0x0000000095b00000)
 Metaspace       used 5769K, capacity 5910K, committed 6144K, reserved 1056768K
  class space    used 634K, capacity 689K, committed 768K, reserved 1048576K
}
Event: 5.764 GC heap before
{Heap before GC invocations=40 (full 0):
 PSYoungGen      total 236032K, used 230176K [0x00000000db000000, 0x00000000e9d00000, 0x0000000100000000)
  eden space 229376K, 100% used [0x00000000db000000,0x00000000e9000000,0x00000000e9000000)
  from space 6656K, 12% used [0x00000000e9000000,0x00000000e90c8000,0x00000000e9680000)
  to   space 6656K, 0% used [0x00000000e9680000,0x00000000e9680000,0x00000000e9d00000)
 ParOldGen       total 76800K, used 27572K [0x0000000091000000, 0x0000000095b00000, 0x00000000db000000)
  object space 76800K, 35% used [0x0000000091000000,0x0000000092aed110,0x0000000095b00000)
 Metaspace       used 5769K, capacity 5910K, committed 6144K, reserved 1056768K
  class space    used 634K, capacity 689K, committed 768K, reserved 1048576K
Event: 5.767 GC heap after
Heap after GC invocations=40 (full 0):
 PSYoungGen      total 240640K, used 736K [0x00000000db000000, 0x00000000ecc00000, 0x0000000100000000)
  eden space 233984K, 0% used [0x00000000db000000,0x00000000db000000,0x00000000e9480000)
  from space 6656K, 11% used [0x00000000e9680000,0x00000000e9738000,0x00000000e9d00000)
  to   space 2048K, 0% used [0x00000000e9480000,0x00000000e9480000,0x00000000e9680000)
 ParOldGen       total 76800K, used 28252K [0x0000000091000000, 0x0000000095b00000, 0x00000000db000000)
  object space 76800K, 36% used [0x0000000091000000,0x0000000092b97110,0x0000000095b00000)
 Metaspace       used 5769K, capacity 5910K, committed 6144K, reserved 1056768K
  class space    used 634K, capacity 689K, committed 768K, reserved 1048576K
}
Event: 5.931 GC heap before
{Heap before GC invocations=41 (full 0):
 PSYoungGen      total 240640K, used 234720K [0x00000000db000000, 0x00000000ecc00000, 0x0000000100000000)
  eden space 233984K, 100% used [0x00000000db000000,0x00000000e9480000,0x00000000e9480000)
  from space 6656K, 11% used [0x00000000e9680000,0x00000000e9738000,0x00000000e9d00000)
  to   space 2048K, 0% used [0x00000000e9480000,0x00000000e9480000,0x00000000e9680000)
 ParOldGen       total 76800K, used 28252K [0x0000000091000000, 0x0000000095b00000, 0x00000000db000000)
  object space 76800K, 36% used [0x0000000091000000,0x0000000092b97110,0x0000000095b00000)
 Metaspace       used 5771K, capacity 5910K, committed 6144K, reserved 1056768K
  class space    used 634K, capacity 689K, committed 768K, reserved 1048576K
Event: 5.941 GC heap after
Heap after GC invocations=41 (full 0):
 PSYoungGen      total 236032K, used 2037K [0x00000000db000000, 0x00000000ecc00000, 0x0000000100000000)
  eden space 233984K, 0% used [0x00000000db000000,0x00000000db000000,0x00000000e9480000)
  from space 2048K, 99% used [0x00000000e9480000,0x00000000e967d7a0,0x00000000e9680000)
  to   space 6656K, 0% used [0x00000000e9680000,0x00000000e9680000,0x00000000e9d00000)
 ParOldGen       total 76800K, used 35228K [0x0000000091000000, 0x0000000095b00000, 0x00000000db000000)
  object space 76800K, 45% used [0x0000000091000000,0x0000000093267110,0x0000000095b00000)
 Metaspace       used 5771K, capacity 5910K, committed 6144K, reserved 1056768K
  class space    used 634K, capacity 689K, committed 768K, reserved 1048576K
}

